{"name":"To Validate the Circuit Reserve Tag","testSteps":[{"number":1,"description":"[1] {ID\u003dR229260882}","duration":87337,"startTime":1724116467599,"result":"SUCCESS","children":[{"number":2,"description":"Given I verify the Map Section","duration":15852,"startTime":1724116467600,"result":"SUCCESS"},{"number":3,"description":"Then I Enter the R229260882 for the Entity","duration":29328,"startTime":1724116483453,"result":"SUCCESS"},{"number":4,"description":"Then I validate the Title of the Entity Selected","duration":14140,"startTime":1724116512783,"result":"SUCCESS"},{"number":5,"description":"Then I navigate to Trace tab and select one of the trace","duration":5953,"startTime":1724116526924,"result":"SUCCESS"},{"number":6,"description":"And I Validate the Circuit Reserve Tag for the Selected Cable","duration":22058,"startTime":1724116532877,"exception":{"errorType":"org.openqa.selenium.NoSuchElementException","message":"no such element: Unable to locate element: {\"method\":\"xpath\",\"selector\":\"//*[@id\u003d\"circuitListPanel\"]/div/table/tbody/tr[3]/td[11]/div/button/span[1]/span\"}\n  (Session info: chrome\u003d127.0.6533.120)\n  (Driver info: chromedriver\u003d127.0.6533.72 (9755e24ca85aa18ffa16c743f660a3d914902775-refs/branch-heads/6533@{#1760}),platform\u003dWindows NT 10.0.19045 x86_64) (WARNING: The server did not provide any stacktrace information)\nCommand duration or timeout: 20.04 seconds\nFor documentation on this error, please visit: http://seleniumhq.org/exceptions/no_such_element.html\nBuild info: version: \u00272.53.0\u0027, revision: \u002735ae25b1534ae328c771e0856c93e187490ca824\u0027, time: \u00272016-03-15 10:43:46\u0027\nSystem info: host: \u0027AU-MELOCIQACL3\u0027, ip: \u002710.246.4.96\u0027, os.name: \u0027Windows 10\u0027, os.arch: \u0027amd64\u0027, os.version: \u002710.0\u0027, java.version: \u002711.0.22\u0027\nDriver info: org.openqa.selenium.chrome.ChromeDriver\nCapabilities [{mobileEmulationEnabled\u003dfalse, timeouts\u003d{implicit\u003d0, pageLoad\u003d300000, script\u003d30000}, hasTouchScreen\u003dfalse, platform\u003dXP, acceptSslCerts\u003dfalse, goog:chromeOptions\u003d{debuggerAddress\u003dlocalhost:55385}, webauthn:extension:credBlob\u003dtrue, acceptInsecureCerts\u003dfalse, fedcm:accounts\u003dtrue, webStorageEnabled\u003dtrue, browserName\u003dchrome, takesScreenshot\u003dtrue, javascriptEnabled\u003dtrue, setWindowRect\u003dtrue, webauthn:extension:largeBlob\u003dtrue, unexpectedAlertBehaviour\u003dignore, rotatable\u003dfalse, networkConnectionEnabled\u003dfalse, chrome\u003d{chromedriverVersion\u003d127.0.6533.72 (9755e24ca85aa18ffa16c743f660a3d914902775-refs/branch-heads/6533@{#1760}), userDataDir\u003dC:\\WINDOWS\\SystemTemp\\scoped_dir5796_554988046}, takesHeapSnapshot\u003dtrue, pageLoadStrategy\u003dnormal, strictFileInteractability\u003dfalse, databaseEnabled\u003dfalse, handlesAlerts\u003dtrue, version\u003d127.0.6533.120, browserConnectionEnabled\u003dfalse, proxy\u003d{}, nativeEvents\u003dtrue, webauthn:extension:minPinLength\u003dtrue, webauthn:extension:prf\u003dtrue, locationContextEnabled\u003dtrue, cssSelectorsEnabled\u003dtrue, webauthn:virtualAuthenticators\u003dtrue}]\nSession ID: 1b956eef4536910213203a7b09af08ea\n*** Element info: {Using\u003dxpath, value\u003d//*[@id\u003d\"circuitListPanel\"]/div/table/tbody/tr[3]/td[11]/div/button/span[1]/span}\nFor documentation on this error, please visit: http://seleniumhq.org/exceptions/no_such_element.html\nBuild info: version: \u00272.53.0\u0027, revision: \u002735ae25b1534ae328c771e0856c93e187490ca824\u0027, time: \u00272016-03-15 10:43:46\u0027\nSystem info: host: \u0027AU-MELOCIQACL3\u0027, ip: \u002710.246.4.96\u0027, os.name: \u0027Windows 10\u0027, os.arch: \u0027amd64\u0027, os.version: \u002710.0\u0027, java.version: \u002711.0.22\u0027\nDriver info: driver.version: unknown","stackTrace":[{"moduleName":"java.base","moduleVersion":"11.0.22","declaringClass":"jdk.internal.reflect.NativeConstructorAccessorImpl","methodName":"newInstance0","fileName":"NativeConstructorAccessorImpl.java","lineNumber":-2,"format":2},{"moduleName":"java.base","moduleVersion":"11.0.22","declaringClass":"jdk.internal.reflect.NativeConstructorAccessorImpl","methodName":"newInstance","fileName":"NativeConstructorAccessorImpl.java","lineNumber":62,"format":2},{"moduleName":"java.base","moduleVersion":"11.0.22","declaringClass":"jdk.internal.reflect.DelegatingConstructorAccessorImpl","methodName":"newInstance","fileName":"DelegatingConstructorAccessorImpl.java","lineNumber":45,"format":2},{"classLoaderName":"app","declaringClass":"stepPage.HomePage.HomePage","methodName":"clickToolElement","fileName":"HomePage.java","lineNumber":948,"format":1},{"classLoaderName":"app","declaringClass":"stepImplementation.HomePage.HomePageImplementation","methodName":"validateCircuitReserveTag","fileName":"HomePageImplementation.java","lineNumber":1825,"format":1},{"classLoaderName":"app","declaringClass":"stepDefinition.HomePage.HomePageDefinition","methodName":"iValidateTheCircuitReserveTagForTheSelectedCable","fileName":"HomePageDefinition.java","lineNumber":639,"format":1},{"declaringClass":"✽","methodName":"And I Validate the Circuit Reserve Tag for the Selected Cable","fileName":"src/main/resources/features/Sanity.feature","lineNumber":392,"format":0}],"COLLAPSE_NEW_LINE_HINTS":["AssertionError","Expected","Expecting","ComparisonFailure"]},"result":"ERROR"},{"number":7,"description":"Then I Validate the Edit for Circuit Reserve Tag","duration":0,"startTime":1724116554935,"result":"SKIPPED"},{"number":8,"description":"Then I Log out","duration":0,"startTime":1724116554936,"result":"SKIPPED"}]}],"userStory":{"id":"to-validate-the-sanity-tests-for-sdk-application","storyName":"To Validate the Sanity Tests for SDK Application","path":"src/main/resources/features/Sanity.feature","type":"feature"},"title":"To Validate the Circuit Reserve Tag","description":"","tags":[{"name":"To Validate the Sanity Tests for SDK Application","type":"feature"},{"name":"Sanity","type":"tag"}],"startTime":1724116467598,"duration":87338,"testFailureCause":{"errorType":"org.openqa.selenium.NoSuchElementException","message":"no such element: Unable to locate element: {\"method\":\"xpath\",\"selector\":\"//*[@id\u003d\"circuitListPanel\"]/div/table/tbody/tr[3]/td[11]/div/button/span[1]/span\"}\n  (Session info: chrome\u003d127.0.6533.120)\n  (Driver info: chromedriver\u003d127.0.6533.72 (9755e24ca85aa18ffa16c743f660a3d914902775-refs/branch-heads/6533@{#1760}),platform\u003dWindows NT 10.0.19045 x86_64) (WARNING: The server did not provide any stacktrace information)\nCommand duration or timeout: 20.04 seconds\nFor documentation on this error, please visit: http://seleniumhq.org/exceptions/no_such_element.html\nBuild info: version: \u00272.53.0\u0027, revision: \u002735ae25b1534ae328c771e0856c93e187490ca824\u0027, time: \u00272016-03-15 10:43:46\u0027\nSystem info: host: \u0027AU-MELOCIQACL3\u0027, ip: \u002710.246.4.96\u0027, os.name: \u0027Windows 10\u0027, os.arch: \u0027amd64\u0027, os.version: \u002710.0\u0027, java.version: \u002711.0.22\u0027\nDriver info: org.openqa.selenium.chrome.ChromeDriver\nCapabilities [{mobileEmulationEnabled\u003dfalse, timeouts\u003d{implicit\u003d0, pageLoad\u003d300000, script\u003d30000}, hasTouchScreen\u003dfalse, platform\u003dXP, acceptSslCerts\u003dfalse, goog:chromeOptions\u003d{debuggerAddress\u003dlocalhost:55385}, webauthn:extension:credBlob\u003dtrue, acceptInsecureCerts\u003dfalse, fedcm:accounts\u003dtrue, webStorageEnabled\u003dtrue, browserName\u003dchrome, takesScreenshot\u003dtrue, javascriptEnabled\u003dtrue, setWindowRect\u003dtrue, webauthn:extension:largeBlob\u003dtrue, unexpectedAlertBehaviour\u003dignore, rotatable\u003dfalse, networkConnectionEnabled\u003dfalse, chrome\u003d{chromedriverVersion\u003d127.0.6533.72 (9755e24ca85aa18ffa16c743f660a3d914902775-refs/branch-heads/6533@{#1760}), userDataDir\u003dC:\\WINDOWS\\SystemTemp\\scoped_dir5796_554988046}, takesHeapSnapshot\u003dtrue, pageLoadStrategy\u003dnormal, strictFileInteractability\u003dfalse, databaseEnabled\u003dfalse, handlesAlerts\u003dtrue, version\u003d127.0.6533.120, browserConnectionEnabled\u003dfalse, proxy\u003d{}, nativeEvents\u003dtrue, webauthn:extension:minPinLength\u003dtrue, webauthn:extension:prf\u003dtrue, locationContextEnabled\u003dtrue, cssSelectorsEnabled\u003dtrue, webauthn:virtualAuthenticators\u003dtrue}]\nSession ID: 1b956eef4536910213203a7b09af08ea\n*** Element info: {Using\u003dxpath, value\u003d//*[@id\u003d\"circuitListPanel\"]/div/table/tbody/tr[3]/td[11]/div/button/span[1]/span}\nFor documentation on this error, please visit: http://seleniumhq.org/exceptions/no_such_element.html\nBuild info: version: \u00272.53.0\u0027, revision: \u002735ae25b1534ae328c771e0856c93e187490ca824\u0027, time: \u00272016-03-15 10:43:46\u0027\nSystem info: host: \u0027AU-MELOCIQACL3\u0027, ip: \u002710.246.4.96\u0027, os.name: \u0027Windows 10\u0027, os.arch: \u0027amd64\u0027, os.version: \u002710.0\u0027, java.version: \u002711.0.22\u0027\nDriver info: driver.version: unknown","stackTrace":[{"moduleName":"java.base","moduleVersion":"11.0.22","declaringClass":"jdk.internal.reflect.NativeConstructorAccessorImpl","methodName":"newInstance0","fileName":"NativeConstructorAccessorImpl.java","lineNumber":-2,"format":2},{"moduleName":"java.base","moduleVersion":"11.0.22","declaringClass":"jdk.internal.reflect.NativeConstructorAccessorImpl","methodName":"newInstance","fileName":"NativeConstructorAccessorImpl.java","lineNumber":62,"format":2},{"moduleName":"java.base","moduleVersion":"11.0.22","declaringClass":"jdk.internal.reflect.DelegatingConstructorAccessorImpl","methodName":"newInstance","fileName":"DelegatingConstructorAccessorImpl.java","lineNumber":45,"format":2},{"classLoaderName":"app","declaringClass":"stepPage.HomePage.HomePage","methodName":"clickToolElement","fileName":"HomePage.java","lineNumber":948,"format":1},{"classLoaderName":"app","declaringClass":"stepImplementation.HomePage.HomePageImplementation","methodName":"validateCircuitReserveTag","fileName":"HomePageImplementation.java","lineNumber":1825,"format":1},{"classLoaderName":"app","declaringClass":"stepDefinition.HomePage.HomePageDefinition","methodName":"iValidateTheCircuitReserveTagForTheSelectedCable","fileName":"HomePageDefinition.java","lineNumber":639,"format":1},{"declaringClass":"✽","methodName":"And I Validate the Circuit Reserve Tag for the Selected Cable","fileName":"src/main/resources/features/Sanity.feature","lineNumber":392,"format":0}],"COLLAPSE_NEW_LINE_HINTS":["AssertionError","Expected","Expecting","ComparisonFailure"]},"testFailureClassname":"org.openqa.selenium.NoSuchElementException","testFailureMessage":"no such element: Unable to locate element: {\"method\":\"xpath\",\"selector\":\"//*[@id\u003d\"circuitListPanel\"]/div/table/tbody/tr[3]/td[11]/div/button/span[1]/span\"}\n  (Session info: chrome\u003d127.0.6533.120)\n  (Driver info: chromedriver\u003d127.0.6533.72 (9755e24ca85aa18ffa16c743f660a3d914902775-refs/branch-heads/6533@{#1760}),platform\u003dWindows NT 10.0.19045 x86_64) (WARNING: The server did not provide any stacktrace information)\nCommand duration or timeout: 20.04 seconds\nFor documentation on this error, please visit: http://seleniumhq.org/exceptions/no_such_element.html\nBuild info: version: \u00272.53.0\u0027, revision: \u002735ae25b1534ae328c771e0856c93e187490ca824\u0027, time: \u00272016-03-15 10:43:46\u0027\nSystem info: host: \u0027AU-MELOCIQACL3\u0027, ip: \u002710.246.4.96\u0027, os.name: \u0027Windows 10\u0027, os.arch: \u0027amd64\u0027, os.version: \u002710.0\u0027, java.version: \u002711.0.22\u0027\nDriver info: org.openqa.selenium.chrome.ChromeDriver\nCapabilities [{mobileEmulationEnabled\u003dfalse, timeouts\u003d{implicit\u003d0, pageLoad\u003d300000, script\u003d30000}, hasTouchScreen\u003dfalse, platform\u003dXP, acceptSslCerts\u003dfalse, goog:chromeOptions\u003d{debuggerAddress\u003dlocalhost:55385}, webauthn:extension:credBlob\u003dtrue, acceptInsecureCerts\u003dfalse, fedcm:accounts\u003dtrue, webStorageEnabled\u003dtrue, browserName\u003dchrome, takesScreenshot\u003dtrue, javascriptEnabled\u003dtrue, setWindowRect\u003dtrue, webauthn:extension:largeBlob\u003dtrue, unexpectedAlertBehaviour\u003dignore, rotatable\u003dfalse, networkConnectionEnabled\u003dfalse, chrome\u003d{chromedriverVersion\u003d127.0.6533.72 (9755e24ca85aa18ffa16c743f660a3d914902775-refs/branch-heads/6533@{#1760}), userDataDir\u003dC:\\WINDOWS\\SystemTemp\\scoped_dir5796_554988046}, takesHeapSnapshot\u003dtrue, pageLoadStrategy\u003dnormal, strictFileInteractability\u003dfalse, databaseEnabled\u003dfalse, handlesAlerts\u003dtrue, version\u003d127.0.6533.120, browserConnectionEnabled\u003dfalse, proxy\u003d{}, nativeEvents\u003dtrue, webauthn:extension:minPinLength\u003dtrue, webauthn:extension:prf\u003dtrue, locationContextEnabled\u003dtrue, cssSelectorsEnabled\u003dtrue, webauthn:virtualAuthenticators\u003dtrue}]\nSession ID: 1b956eef4536910213203a7b09af08ea\n*** Element info: {Using\u003dxpath, value\u003d//*[@id\u003d\"circuitListPanel\"]/div/table/tbody/tr[3]/td[11]/div/button/span[1]/span}\nFor documentation on this error, please visit: http://seleniumhq.org/exceptions/no_such_element.html\nBuild info: version: \u00272.53.0\u0027, revision: \u002735ae25b1534ae328c771e0856c93e187490ca824\u0027, time: \u00272016-03-15 10:43:46\u0027\nSystem info: host: \u0027AU-MELOCIQACL3\u0027, ip: \u002710.246.4.96\u0027, os.name: \u0027Windows 10\u0027, os.arch: \u0027amd64\u0027, os.version: \u002710.0\u0027, java.version: \u002711.0.22\u0027\nDriver info: driver.version: unknown","annotatedResult":"ERROR","dataTable":{"headers":["ID"],"rows":[{"values":["R229260882"],"result":"ERROR"}],"predefinedRows":true,"currentRow":{"value":0},"dataSetDescriptors":[{"startRow":0,"rowCount":0,"name":"","description":""}]},"manual":false,"result":"ERROR"}