# JRE version: OpenJDK Runtime Environment (8.0_332-b08) (build 1.8.0_332-b08)
# Java VM: OpenJDK Server VM (25.332-b08 mixed mode windows-x86 )
Heap:
 PSYoungGen      total 165632K, used 92416K [0x2f0c0000, 0x3da00000, 0x3da00000)
  eden space 92416K, 100% used [0x2f0c0000,0x34b00000,0x34b00000)
  from space 73216K, 0% used [0x34b00000,0x34b00000,0x39280000)
  to   space 73216K, 0% used [0x39280000,0x39280000,0x3da00000)
 ParOldGen       total 477952K, used 477154K [0x11e00000, 0x2f0c0000, 0x2f0c0000)
  object space 477952K, 99% used [0x11e00000,0x2eff8bd8,0x2f0c0000)
 Metaspace       used 24550K, capacity 24820K, committed 24960K, reserved 24960K
GC Heap History (10 events):
Event: 2657.062 GC heap before
{Heap before GC invocations=21893 (full 14571):
 PSYoungGen      total 165632K, used 92416K [0x2f0c0000, 0x3da00000, 0x3da00000)
  eden space 92416K, 100% used [0x2f0c0000,0x34b00000,0x34b00000)
  from space 73216K, 0% used [0x34b00000,0x34b00000,0x39280000)
  to   space 73216K, 0% used [0x39280000,0x39280000,0x3da00000)
 ParOldGen       total 477952K, used 477164K [0x11e00000, 0x2f0c0000, 0x2f0c0000)
  object space 477952K, 99% used [0x11e00000,0x2effb390,0x2f0c0000)
 Metaspace       used 24594K, capacity 24875K, committed 24960K, reserved 24960K
Event: 2657.138 GC heap after
Heap after GC invocations=21893 (full 14571):
 PSYoungGen      total 165632K, used 92402K [0x2f0c0000, 0x3da00000, 0x3da00000)
  eden space 92416K, 99% used [0x2f0c0000,0x34afc828,0x34b00000)
  from space 73216K, 0% used [0x34b00000,0x34b00000,0x39280000)
  to   space 73216K, 0% used [0x39280000,0x39280000,0x3da00000)
 ParOldGen       total 477952K, used 477164K [0x11e00000, 0x2f0c0000, 0x2f0c0000)
  object space 477952K, 99% used [0x11e00000,0x2effb330,0x2f0c0000)
 Metaspace       used 24594K, capacity 24875K, committed 24960K, reserved 24960K
}
Event: 2657.138 GC heap before
{Heap before GC invocations=21894 (full 14572):
 PSYoungGen      total 165632K, used 92416K [0x2f0c0000, 0x3da00000, 0x3da00000)
  eden space 92416K, 100% used [0x2f0c0000,0x34b00000,0x34b00000)
  from space 73216K, 0% used [0x34b00000,0x34b00000,0x39280000)
  to   space 73216K, 0% used [0x39280000,0x39280000,0x3da00000)
 ParOldGen       total 477952K, used 477164K [0x11e00000, 0x2f0c0000, 0x2f0c0000)
  object space 477952K, 99% used [0x11e00000,0x2effb330,0x2f0c0000)
 Metaspace       used 24594K, capacity 24875K, committed 24960K, reserved 24960K
Event: 2657.217 GC heap after
Heap after GC invocations=21894 (full 14572):
 PSYoungGen      total 165632K, used 92402K [0x2f0c0000, 0x3da00000, 0x3da00000)
  eden space 92416K, 99% used [0x2f0c0000,0x34afc958,0x34b00000)
  from space 73216K, 0% used [0x34b00000,0x34b00000,0x39280000)
  to   space 73216K, 0% used [0x39280000,0x39280000,0x3da00000)
 ParOldGen       total 477952K, used 477164K [0x11e00000, 0x2f0c0000, 0x2f0c0000)
  object space 477952K, 99% used [0x11e00000,0x2effb330,0x2f0c0000)
 Metaspace       used 24594K, capacity 24875K, committed 24960K, reserved 24960K
}
Event: 2657.219 GC heap before
{Heap before GC invocations=21895 (full 14573):
 PSYoungGen      total 165632K, used 92416K [0x2f0c0000, 0x3da00000, 0x3da00000)
  eden space 92416K, 100% used [0x2f0c0000,0x34b00000,0x34b00000)
  from space 73216K, 0% used [0x34b00000,0x34b00000,0x39280000)
  to   space 73216K, 0% used [0x39280000,0x39280000,0x3da00000)
 ParOldGen       total 477952K, used 477164K [0x11e00000, 0x2f0c0000, 0x2f0c0000)
  object space 477952K, 99% used [0x11e00000,0x2effb330,0x2f0c0000)
 Metaspace       used 24594K, capacity 24875K, committed 24960K, reserved 24960K
Event: 2657.298 GC heap after
Heap after GC invocations=21895 (full 14573):
 PSYoungGen      total 165632K, used 92402K [0x2f0c0000, 0x3da00000, 0x3da00000)
  eden space 92416K, 99% used [0x2f0c0000,0x34afca00,0x34b00000)
  from space 73216K, 0% used [0x34b00000,0x34b00000,0x39280000)
  to   space 73216K, 0% used [0x39280000,0x39280000,0x3da00000)
 ParOldGen       total 477952K, used 477164K [0x11e00000, 0x2f0c0000, 0x2f0c0000)
  object space 477952K, 99% used [0x11e00000,0x2effb2e0,0x2f0c0000)
 Metaspace       used 24594K, capacity 24875K, committed 24960K, reserved 24960K
}
Event: 2657.300 GC heap before
{Heap before GC invocations=21896 (full 14574):
 PSYoungGen      total 165632K, used 92416K [0x2f0c0000, 0x3da00000, 0x3da00000)
  eden space 92416K, 100% used [0x2f0c0000,0x34b00000,0x34b00000)
  from space 73216K, 0% used [0x34b00000,0x34b00000,0x39280000)
  to   space 73216K, 0% used [0x39280000,0x39280000,0x3da00000)
 ParOldGen       total 477952K, used 477164K [0x11e00000, 0x2f0c0000, 0x2f0c0000)
  object space 477952K, 99% used [0x11e00000,0x2effb2e0,0x2f0c0000)
 Metaspace       used 24594K, capacity 24875K, committed 24960K, reserved 24960K
Event: 2657.374 GC heap after
Heap after GC invocations=21896 (full 14574):
 PSYoungGen      total 165632K, used 92403K [0x2f0c0000, 0x3da00000, 0x3da00000)
  eden space 92416K, 99% used [0x2f0c0000,0x34afcc28,0x34b00000)
  from space 73216K, 0% used [0x34b00000,0x34b00000,0x39280000)
  to   space 73216K, 0% used [0x39280000,0x39280000,0x3da00000)
 ParOldGen       total 477952K, used 477164K [0x11e00000, 0x2f0c0000, 0x2f0c0000)
  object space 477952K, 99% used [0x11e00000,0x2effb218,0x2f0c0000)
 Metaspace       used 24594K, capacity 24875K, committed 24960K, reserved 24960K
}
Event: 2657.376 GC heap before
{Heap before GC invocations=21897 (full 14575):
 PSYoungGen      total 165632K, used 92416K [0x2f0c0000, 0x3da00000, 0x3da00000)
  eden space 92416K, 100% used [0x2f0c0000,0x34b00000,0x34b00000)
  from space 73216K, 0% used [0x34b00000,0x34b00000,0x39280000)
  to   space 73216K, 0% used [0x39280000,0x39280000,0x3da00000)
 ParOldGen       total 477952K, used 477164K [0x11e00000, 0x2f0c0000, 0x2f0c0000)
  object space 477952K, 99% used [0x11e00000,0x2effb218,0x2f0c0000)
 Metaspace       used 24594K, capacity 24875K, committed 24960K, reserved 24960K
Event: 2657.455 GC heap after
Heap after GC invocations=21897 (full 14575):
 PSYoungGen      total 165632K, used 92176K [0x2f0c0000, 0x3da00000, 0x3da00000)
  eden space 92416K, 99% used [0x2f0c0000,0x34ac41f8,0x34b00000)
  from space 73216K, 0% used [0x34b00000,0x34b00000,0x39280000)
  to   space 73216K, 0% used [0x39280000,0x39280000,0x3da00000)
 ParOldGen       total 477952K, used 477154K [0x11e00000, 0x2f0c0000, 0x2f0c0000)
  object space 477952K, 99% used [0x11e00000,0x2eff8bd8,0x2f0c0000)
 Metaspace       used 24550K, capacity 24820K, committed 24960K, reserved 24960K
}

