# JRE version: OpenJDK Runtime Environment (8.0_332-b08) (build 1.8.0_332-b08)
# Java VM: OpenJDK Server VM (25.332-b08 mixed mode windows-x86 )
Heap:
 PSYoungGen      total 165632K, used 92416K [0x2eac0000, 0x3d400000, 0x3d400000)
  eden space 92416K, 100% used [0x2eac0000,0x34500000,0x34500000)
  from space 73216K, 0% used [0x38c80000,0x38c80000,0x3d400000)
  to   space 73216K, 0% used [0x34500000,0x34500000,0x38c80000)
 ParOldGen       total 477952K, used 472343K [0x11800000, 0x2eac0000, 0x2eac0000)
  object space 477952K, 98% used [0x11800000,0x2e545cb8,0x2eac0000)
 Metaspace       used 24259K, capacity 24512K, committed 24704K, reserved 24960K
GC Heap History (10 events):
Event: 2426.572 GC heap before
{Heap before GC invocations=19770 (full 11533):
 PSYoungGen      total 165632K, used 92416K [0x2eac0000, 0x3d400000, 0x3d400000)
  eden space 92416K, 100% used [0x2eac0000,0x34500000,0x34500000)
  from space 73216K, 0% used [0x38c80000,0x38c80000,0x3d400000)
  to   space 73216K, 0% used [0x34500000,0x34500000,0x38c80000)
 ParOldGen       total 477952K, used 472355K [0x11800000, 0x2eac0000, 0x2eac0000)
  object space 477952K, 98% used [0x11800000,0x2e548f78,0x2eac0000)
 Metaspace       used 24303K, capacity 24567K, committed 24704K, reserved 24960K
Event: 2426.644 GC heap after
Heap after GC invocations=19770 (full 11533):
 PSYoungGen      total 165632K, used 92412K [0x2eac0000, 0x3d400000, 0x3d400000)
  eden space 92416K, 99% used [0x2eac0000,0x344ff1b0,0x34500000)
  from space 73216K, 0% used [0x38c80000,0x38c80000,0x3d400000)
  to   space 73216K, 0% used [0x34500000,0x34500000,0x38c80000)
 ParOldGen       total 477952K, used 472343K [0x11800000, 0x2eac0000, 0x2eac0000)
  object space 477952K, 98% used [0x11800000,0x2e545dc8,0x2eac0000)
 Metaspace       used 24303K, capacity 24567K, committed 24704K, reserved 24960K
}
Event: 2426.644 GC heap before
{Heap before GC invocations=19771 (full 11534):
 PSYoungGen      total 165632K, used 92416K [0x2eac0000, 0x3d400000, 0x3d400000)
  eden space 92416K, 100% used [0x2eac0000,0x34500000,0x34500000)
  from space 73216K, 0% used [0x38c80000,0x38c80000,0x3d400000)
  to   space 73216K, 0% used [0x34500000,0x34500000,0x38c80000)
 ParOldGen       total 477952K, used 472343K [0x11800000, 0x2eac0000, 0x2eac0000)
  object space 477952K, 98% used [0x11800000,0x2e545dc8,0x2eac0000)
 Metaspace       used 24303K, capacity 24567K, committed 24704K, reserved 24960K
Event: 2426.717 GC heap after
Heap after GC invocations=19771 (full 11534):
 PSYoungGen      total 165632K, used 92413K [0x2eac0000, 0x3d400000, 0x3d400000)
  eden space 92416K, 99% used [0x2eac0000,0x344ff768,0x34500000)
  from space 73216K, 0% used [0x38c80000,0x38c80000,0x3d400000)
  to   space 73216K, 0% used [0x34500000,0x34500000,0x38c80000)
 ParOldGen       total 477952K, used 472343K [0x11800000, 0x2eac0000, 0x2eac0000)
  object space 477952K, 98% used [0x11800000,0x2e545d20,0x2eac0000)
 Metaspace       used 24303K, capacity 24567K, committed 24704K, reserved 24960K
}
Event: 2426.718 GC heap before
{Heap before GC invocations=19772 (full 11535):
 PSYoungGen      total 165632K, used 92415K [0x2eac0000, 0x3d400000, 0x3d400000)
  eden space 92416K, 99% used [0x2eac0000,0x344ffff8,0x34500000)
  from space 73216K, 0% used [0x38c80000,0x38c80000,0x3d400000)
  to   space 73216K, 0% used [0x34500000,0x34500000,0x38c80000)
 ParOldGen       total 477952K, used 472343K [0x11800000, 0x2eac0000, 0x2eac0000)
  object space 477952K, 98% used [0x11800000,0x2e545d20,0x2eac0000)
 Metaspace       used 24303K, capacity 24567K, committed 24704K, reserved 24960K
Event: 2426.790 GC heap after
Heap after GC invocations=19772 (full 11535):
 PSYoungGen      total 165632K, used 92414K [0x2eac0000, 0x3d400000, 0x3d400000)
  eden space 92416K, 99% used [0x2eac0000,0x344ff978,0x34500000)
  from space 73216K, 0% used [0x38c80000,0x38c80000,0x3d400000)
  to   space 73216K, 0% used [0x34500000,0x34500000,0x38c80000)
 ParOldGen       total 477952K, used 472343K [0x11800000, 0x2eac0000, 0x2eac0000)
  object space 477952K, 98% used [0x11800000,0x2e545cc8,0x2eac0000)
 Metaspace       used 24303K, capacity 24567K, committed 24704K, reserved 24960K
}
Event: 2426.790 GC heap before
{Heap before GC invocations=19773 (full 11536):
 PSYoungGen      total 165632K, used 92416K [0x2eac0000, 0x3d400000, 0x3d400000)
  eden space 92416K, 100% used [0x2eac0000,0x34500000,0x34500000)
  from space 73216K, 0% used [0x38c80000,0x38c80000,0x3d400000)
  to   space 73216K, 0% used [0x34500000,0x34500000,0x38c80000)
 ParOldGen       total 477952K, used 472343K [0x11800000, 0x2eac0000, 0x2eac0000)
  object space 477952K, 98% used [0x11800000,0x2e545cc8,0x2eac0000)
 Metaspace       used 24303K, capacity 24567K, committed 24704K, reserved 24960K
Event: 2426.860 GC heap after
Heap after GC invocations=19773 (full 11536):
 PSYoungGen      total 165632K, used 92414K [0x2eac0000, 0x3d400000, 0x3d400000)
  eden space 92416K, 99% used [0x2eac0000,0x344ff998,0x34500000)
  from space 73216K, 0% used [0x38c80000,0x38c80000,0x3d400000)
  to   space 73216K, 0% used [0x34500000,0x34500000,0x38c80000)
 ParOldGen       total 477952K, used 472343K [0x11800000, 0x2eac0000, 0x2eac0000)
  object space 477952K, 98% used [0x11800000,0x2e545cb8,0x2eac0000)
 Metaspace       used 24303K, capacity 24567K, committed 24704K, reserved 24960K
}
Event: 2426.861 GC heap before
{Heap before GC invocations=19774 (full 11537):
 PSYoungGen      total 165632K, used 92416K [0x2eac0000, 0x3d400000, 0x3d400000)
  eden space 92416K, 100% used [0x2eac0000,0x34500000,0x34500000)
  from space 73216K, 0% used [0x38c80000,0x38c80000,0x3d400000)
  to   space 73216K, 0% used [0x34500000,0x34500000,0x38c80000)
 ParOldGen       total 477952K, used 472343K [0x11800000, 0x2eac0000, 0x2eac0000)
  object space 477952K, 98% used [0x11800000,0x2e545cb8,0x2eac0000)
 Metaspace       used 24303K, capacity 24567K, committed 24704K, reserved 24960K
Event: 2426.946 GC heap after
Heap after GC invocations=19774 (full 11537):
 PSYoungGen      total 165632K, used 92183K [0x2eac0000, 0x3d400000, 0x3d400000)
  eden space 92416K, 99% used [0x2eac0000,0x344c5c70,0x34500000)
  from space 73216K, 0% used [0x38c80000,0x38c80000,0x3d400000)
  to   space 73216K, 0% used [0x34500000,0x34500000,0x38c80000)
 ParOldGen       total 477952K, used 472343K [0x11800000, 0x2eac0000, 0x2eac0000)
  object space 477952K, 98% used [0x11800000,0x2e545cb8,0x2eac0000)
 Metaspace       used 24259K, capacity 24512K, committed 24704K, reserved 24960K
}

