# JRE version: OpenJDK Runtime Environment (8.0_332-b08) (build 1.8.0_332-b08)
# Java VM: OpenJDK Server VM (25.332-b08 mixed mode windows-x86 )
Heap:
 PSYoungGen      total 165632K, used 92416K [0x2eec0000, 0x3d800000, 0x3d800000)
  eden space 92416K, 100% used [0x2eec0000,0x34900000,0x34900000)
  from space 73216K, 0% used [0x39080000,0x39080000,0x3d800000)
  to   space 73216K, 0% used [0x34900000,0x34900000,0x39080000)
 ParOldGen       total 477952K, used 472080K [0x11c00000, 0x2eec0000, 0x2eec0000)
  object space 477952K, 98% used [0x11c00000,0x2e904288,0x2eec0000)
 Metaspace       used 24288K, capacity 24544K, committed 24832K, reserved 24960K
GC Heap History (10 events):
Event: 2559.670 GC heap before
{Heap before GC invocations=20724 (full 13061):
 PSYoungGen      total 165632K, used 92416K [0x2eec0000, 0x3d800000, 0x3d800000)
  eden space 92416K, 100% used [0x2eec0000,0x34900000,0x34900000)
  from space 73216K, 0% used [0x39080000,0x39080000,0x3d800000)
  to   space 73216K, 0% used [0x34900000,0x34900000,0x39080000)
 ParOldGen       total 477952K, used 472080K [0x11c00000, 0x2eec0000, 0x2eec0000)
  object space 477952K, 98% used [0x11c00000,0x2e904288,0x2eec0000)
 Metaspace       used 24288K, capacity 24544K, committed 24832K, reserved 24960K
Event: 2559.742 GC heap after
Heap after GC invocations=20724 (full 13061):
 PSYoungGen      total 165632K, used 92400K [0x2eec0000, 0x3d800000, 0x3d800000)
  eden space 92416K, 99% used [0x2eec0000,0x348fc3c0,0x34900000)
  from space 73216K, 0% used [0x39080000,0x39080000,0x3d800000)
  to   space 73216K, 0% used [0x34900000,0x34900000,0x39080000)
 ParOldGen       total 477952K, used 472080K [0x11c00000, 0x2eec0000, 0x2eec0000)
  object space 477952K, 98% used [0x11c00000,0x2e904288,0x2eec0000)
 Metaspace       used 24288K, capacity 24544K, committed 24832K, reserved 24960K
}
Event: 2559.742 GC heap before
{Heap before GC invocations=20725 (full 13062):
 PSYoungGen      total 165632K, used 92416K [0x2eec0000, 0x3d800000, 0x3d800000)
  eden space 92416K, 100% used [0x2eec0000,0x34900000,0x34900000)
  from space 73216K, 0% used [0x39080000,0x39080000,0x3d800000)
  to   space 73216K, 0% used [0x34900000,0x34900000,0x39080000)
 ParOldGen       total 477952K, used 472080K [0x11c00000, 0x2eec0000, 0x2eec0000)
  object space 477952K, 98% used [0x11c00000,0x2e904288,0x2eec0000)
 Metaspace       used 24288K, capacity 24544K, committed 24832K, reserved 24960K
Event: 2559.806 GC heap after
Heap after GC invocations=20725 (full 13062):
 PSYoungGen      total 165632K, used 92403K [0x2eec0000, 0x3d800000, 0x3d800000)
  eden space 92416K, 99% used [0x2eec0000,0x348fced0,0x34900000)
  from space 73216K, 0% used [0x39080000,0x39080000,0x3d800000)
  to   space 73216K, 0% used [0x34900000,0x34900000,0x39080000)
 ParOldGen       total 477952K, used 472080K [0x11c00000, 0x2eec0000, 0x2eec0000)
  object space 477952K, 98% used [0x11c00000,0x2e904288,0x2eec0000)
 Metaspace       used 24288K, capacity 24544K, committed 24832K, reserved 24960K
}
Event: 2559.807 GC heap before
{Heap before GC invocations=20726 (full 13063):
 PSYoungGen      total 165632K, used 92416K [0x2eec0000, 0x3d800000, 0x3d800000)
  eden space 92416K, 100% used [0x2eec0000,0x34900000,0x34900000)
  from space 73216K, 0% used [0x39080000,0x39080000,0x3d800000)
  to   space 73216K, 0% used [0x34900000,0x34900000,0x39080000)
 ParOldGen       total 477952K, used 472080K [0x11c00000, 0x2eec0000, 0x2eec0000)
  object space 477952K, 98% used [0x11c00000,0x2e904288,0x2eec0000)
 Metaspace       used 24288K, capacity 24544K, committed 24832K, reserved 24960K
Event: 2559.875 GC heap after
Heap after GC invocations=20726 (full 13063):
 PSYoungGen      total 165632K, used 92405K [0x2eec0000, 0x3d800000, 0x3d800000)
  eden space 92416K, 99% used [0x2eec0000,0x348fd640,0x34900000)
  from space 73216K, 0% used [0x39080000,0x39080000,0x3d800000)
  to   space 73216K, 0% used [0x34900000,0x34900000,0x39080000)
 ParOldGen       total 477952K, used 472080K [0x11c00000, 0x2eec0000, 0x2eec0000)
  object space 477952K, 98% used [0x11c00000,0x2e904288,0x2eec0000)
 Metaspace       used 24288K, capacity 24544K, committed 24832K, reserved 24960K
}
Event: 2559.876 GC heap before
{Heap before GC invocations=20727 (full 13064):
 PSYoungGen      total 165632K, used 92416K [0x2eec0000, 0x3d800000, 0x3d800000)
  eden space 92416K, 100% used [0x2eec0000,0x34900000,0x34900000)
  from space 73216K, 0% used [0x39080000,0x39080000,0x3d800000)
  to   space 73216K, 0% used [0x34900000,0x34900000,0x39080000)
 ParOldGen       total 477952K, used 472080K [0x11c00000, 0x2eec0000, 0x2eec0000)
  object space 477952K, 98% used [0x11c00000,0x2e904288,0x2eec0000)
 Metaspace       used 24288K, capacity 24544K, committed 24832K, reserved 24960K
Event: 2559.949 GC heap after
Heap after GC invocations=20727 (full 13064):
 PSYoungGen      total 165632K, used 92405K [0x2eec0000, 0x3d800000, 0x3d800000)
  eden space 92416K, 99% used [0x2eec0000,0x348fd748,0x34900000)
  from space 73216K, 0% used [0x39080000,0x39080000,0x3d800000)
  to   space 73216K, 0% used [0x34900000,0x34900000,0x39080000)
 ParOldGen       total 477952K, used 472080K [0x11c00000, 0x2eec0000, 0x2eec0000)
  object space 477952K, 98% used [0x11c00000,0x2e904288,0x2eec0000)
 Metaspace       used 24288K, capacity 24544K, committed 24832K, reserved 24960K
}
Event: 2559.949 GC heap before
{Heap before GC invocations=20728 (full 13065):
 PSYoungGen      total 165632K, used 92416K [0x2eec0000, 0x3d800000, 0x3d800000)
  eden space 92416K, 100% used [0x2eec0000,0x34900000,0x34900000)
  from space 73216K, 0% used [0x39080000,0x39080000,0x3d800000)
  to   space 73216K, 0% used [0x34900000,0x34900000,0x39080000)
 ParOldGen       total 477952K, used 472080K [0x11c00000, 0x2eec0000, 0x2eec0000)
  object space 477952K, 98% used [0x11c00000,0x2e904288,0x2eec0000)
 Metaspace       used 24288K, capacity 24544K, committed 24832K, reserved 24960K
Event: 2560.016 GC heap after
Heap after GC invocations=20728 (full 13065):
 PSYoungGen      total 165632K, used 92405K [0x2eec0000, 0x3d800000, 0x3d800000)
  eden space 92416K, 99% used [0x2eec0000,0x348fd4d8,0x34900000)
  from space 73216K, 0% used [0x39080000,0x39080000,0x3d800000)
  to   space 73216K, 0% used [0x34900000,0x34900000,0x39080000)
 ParOldGen       total 477952K, used 472080K [0x11c00000, 0x2eec0000, 0x2eec0000)
  object space 477952K, 98% used [0x11c00000,0x2e904288,0x2eec0000)
 Metaspace       used 24288K, capacity 24544K, committed 24832K, reserved 24960K
}

