# JRE version: OpenJDK Runtime Environment (8.0_332-b08) (build 1.8.0_332-b08)
# Java VM: OpenJDK Server VM (25.332-b08 mixed mode windows-x86 )
Heap:
 PSYoungGen      total 159232K, used 79616K [0x2eec0000, 0x3d800000, 0x3d800000)
  eden space 79616K, 100% used [0x2eec0000,0x33c80000,0x33c80000)
  from space 79616K, 0% used [0x33c80000,0x33c80000,0x38a40000)
  to   space 79616K, 0% used [0x38a40000,0x38a40000,0x3d800000)
 ParOldGen       total 477952K, used 474445K [0x11c00000, 0x2eec0000, 0x2eec0000)
  object space 477952K, 99% used [0x11c00000,0x2eb53688,0x2eec0000)
 Metaspace       used 24370K, capacity 24626K, committed 24960K, reserved 24960K
GC Heap History (10 events):
Event: 2183.680 GC heap before
{Heap before GC invocations=18620 (full 11793):
 PSYoungGen      total 159232K, used 79616K [0x2eec0000, 0x3d800000, 0x3d800000)
  eden space 79616K, 100% used [0x2eec0000,0x33c80000,0x33c80000)
  from space 79616K, 0% used [0x33c80000,0x33c80000,0x38a40000)
  to   space 79616K, 0% used [0x38a40000,0x38a40000,0x3d800000)
 ParOldGen       total 477952K, used 474445K [0x11c00000, 0x2eec0000, 0x2eec0000)
  object space 477952K, 99% used [0x11c00000,0x2eb536c0,0x2eec0000)
 Metaspace       used 24370K, capacity 24626K, committed 24960K, reserved 24960K
Event: 2183.744 GC heap after
Heap after GC invocations=18620 (full 11793):
 PSYoungGen      total 159232K, used 79613K [0x2eec0000, 0x3d800000, 0x3d800000)
  eden space 79616K, 99% used [0x2eec0000,0x33c7f788,0x33c80000)
  from space 79616K, 0% used [0x33c80000,0x33c80000,0x38a40000)
  to   space 79616K, 0% used [0x38a40000,0x38a40000,0x3d800000)
 ParOldGen       total 477952K, used 474445K [0x11c00000, 0x2eec0000, 0x2eec0000)
  object space 477952K, 99% used [0x11c00000,0x2eb53698,0x2eec0000)
 Metaspace       used 24370K, capacity 24626K, committed 24960K, reserved 24960K
}
Event: 2183.745 GC heap before
{Heap before GC invocations=18621 (full 11794):
 PSYoungGen      total 159232K, used 79615K [0x2eec0000, 0x3d800000, 0x3d800000)
  eden space 79616K, 99% used [0x2eec0000,0x33c7fff0,0x33c80000)
  from space 79616K, 0% used [0x33c80000,0x33c80000,0x38a40000)
  to   space 79616K, 0% used [0x38a40000,0x38a40000,0x3d800000)
 ParOldGen       total 477952K, used 474445K [0x11c00000, 0x2eec0000, 0x2eec0000)
  object space 477952K, 99% used [0x11c00000,0x2eb53698,0x2eec0000)
 Metaspace       used 24370K, capacity 24626K, committed 24960K, reserved 24960K
Event: 2183.802 GC heap after
Heap after GC invocations=18621 (full 11794):
 PSYoungGen      total 159232K, used 79613K [0x2eec0000, 0x3d800000, 0x3d800000)
  eden space 79616K, 99% used [0x2eec0000,0x33c7f758,0x33c80000)
  from space 79616K, 0% used [0x33c80000,0x33c80000,0x38a40000)
  to   space 79616K, 0% used [0x38a40000,0x38a40000,0x3d800000)
 ParOldGen       total 477952K, used 474445K [0x11c00000, 0x2eec0000, 0x2eec0000)
  object space 477952K, 99% used [0x11c00000,0x2eb53688,0x2eec0000)
 Metaspace       used 24370K, capacity 24626K, committed 24960K, reserved 24960K
}
Event: 2183.804 GC heap before
{Heap before GC invocations=18622 (full 11795):
 PSYoungGen      total 159232K, used 79616K [0x2eec0000, 0x3d800000, 0x3d800000)
  eden space 79616K, 100% used [0x2eec0000,0x33c80000,0x33c80000)
  from space 79616K, 0% used [0x33c80000,0x33c80000,0x38a40000)
  to   space 79616K, 0% used [0x38a40000,0x38a40000,0x3d800000)
 ParOldGen       total 477952K, used 474445K [0x11c00000, 0x2eec0000, 0x2eec0000)
  object space 477952K, 99% used [0x11c00000,0x2eb53688,0x2eec0000)
 Metaspace       used 24370K, capacity 24626K, committed 24960K, reserved 24960K
Event: 2183.857 GC heap after
Heap after GC invocations=18622 (full 11795):
 PSYoungGen      total 159232K, used 79614K [0x2eec0000, 0x3d800000, 0x3d800000)
  eden space 79616K, 99% used [0x2eec0000,0x33c7f810,0x33c80000)
  from space 79616K, 0% used [0x33c80000,0x33c80000,0x38a40000)
  to   space 79616K, 0% used [0x38a40000,0x38a40000,0x3d800000)
 ParOldGen       total 477952K, used 474445K [0x11c00000, 0x2eec0000, 0x2eec0000)
  object space 477952K, 99% used [0x11c00000,0x2eb53688,0x2eec0000)
 Metaspace       used 24370K, capacity 24626K, committed 24960K, reserved 24960K
}
Event: 2183.859 GC heap before
{Heap before GC invocations=18623 (full 11796):
 PSYoungGen      total 159232K, used 79616K [0x2eec0000, 0x3d800000, 0x3d800000)
  eden space 79616K, 100% used [0x2eec0000,0x33c80000,0x33c80000)
  from space 79616K, 0% used [0x33c80000,0x33c80000,0x38a40000)
  to   space 79616K, 0% used [0x38a40000,0x38a40000,0x3d800000)
 ParOldGen       total 477952K, used 474445K [0x11c00000, 0x2eec0000, 0x2eec0000)
  object space 477952K, 99% used [0x11c00000,0x2eb53688,0x2eec0000)
 Metaspace       used 24370K, capacity 24626K, committed 24960K, reserved 24960K
Event: 2183.917 GC heap after
Heap after GC invocations=18623 (full 11796):
 PSYoungGen      total 159232K, used 79614K [0x2eec0000, 0x3d800000, 0x3d800000)
  eden space 79616K, 99% used [0x2eec0000,0x33c7f898,0x33c80000)
  from space 79616K, 0% used [0x33c80000,0x33c80000,0x38a40000)
  to   space 79616K, 0% used [0x38a40000,0x38a40000,0x3d800000)
 ParOldGen       total 477952K, used 474445K [0x11c00000, 0x2eec0000, 0x2eec0000)
  object space 477952K, 99% used [0x11c00000,0x2eb53688,0x2eec0000)
 Metaspace       used 24370K, capacity 24626K, committed 24960K, reserved 24960K
}
Event: 2183.919 GC heap before
{Heap before GC invocations=18624 (full 11797):
 PSYoungGen      total 159232K, used 79616K [0x2eec0000, 0x3d800000, 0x3d800000)
  eden space 79616K, 100% used [0x2eec0000,0x33c80000,0x33c80000)
  from space 79616K, 0% used [0x33c80000,0x33c80000,0x38a40000)
  to   space 79616K, 0% used [0x38a40000,0x38a40000,0x3d800000)
 ParOldGen       total 477952K, used 474445K [0x11c00000, 0x2eec0000, 0x2eec0000)
  object space 477952K, 99% used [0x11c00000,0x2eb53688,0x2eec0000)
 Metaspace       used 24370K, capacity 24626K, committed 24960K, reserved 24960K
Event: 2183.978 GC heap after
Heap after GC invocations=18624 (full 11797):
 PSYoungGen      total 159232K, used 79614K [0x2eec0000, 0x3d800000, 0x3d800000)
  eden space 79616K, 99% used [0x2eec0000,0x33c7f908,0x33c80000)
  from space 79616K, 0% used [0x33c80000,0x33c80000,0x38a40000)
  to   space 79616K, 0% used [0x38a40000,0x38a40000,0x3d800000)
 ParOldGen       total 477952K, used 474445K [0x11c00000, 0x2eec0000, 0x2eec0000)
  object space 477952K, 99% used [0x11c00000,0x2eb53688,0x2eec0000)
 Metaspace       used 24370K, capacity 24626K, committed 24960K, reserved 24960K
}

