# JRE version: OpenJDK Runtime Environment (8.0_332-b08) (build 1.8.0_332-b08)
# Java VM: OpenJDK Server VM (25.332-b08 mixed mode windows-x86 )
Heap:
 PSYoungGen      total 165632K, used 92416K [0x2f0c0000, 0x3da00000, 0x3da00000)
  eden space 92416K, 100% used [0x2f0c0000,0x34b00000,0x34b00000)
  from space 73216K, 0% used [0x39280000,0x39280000,0x3da00000)
  to   space 73216K, 0% used [0x34b00000,0x34b00000,0x39280000)
 ParOldGen       total 477952K, used 477769K [0x11e00000, 0x2f0c0000, 0x2f0c0000)
  object space 477952K, 99% used [0x11e00000,0x2f092400,0x2f0c0000)
 Metaspace       used 24541K, capacity 24800K, committed 24960K, reserved 24960K
GC Heap History (10 events):
Event: 2484.311 GC heap before
{Heap before GC invocations=19975 (full 12228):
 PSYoungGen      total 165632K, used 92415K [0x2f0c0000, 0x3da00000, 0x3da00000)
  eden space 92416K, 99% used [0x2f0c0000,0x34affff8,0x34b00000)
  from space 73216K, 0% used [0x39280000,0x39280000,0x3da00000)
  to   space 73216K, 0% used [0x34b00000,0x34b00000,0x39280000)
 ParOldGen       total 477952K, used 477769K [0x11e00000, 0x2f0c0000, 0x2f0c0000)
  object space 477952K, 99% used [0x11e00000,0x2f092400,0x2f0c0000)
 Metaspace       used 24541K, capacity 24800K, committed 24960K, reserved 24960K
Event: 2484.387 GC heap after
Heap after GC invocations=19975 (full 12228):
 PSYoungGen      total 165632K, used 92377K [0x2f0c0000, 0x3da00000, 0x3da00000)
  eden space 92416K, 99% used [0x2f0c0000,0x34af66d8,0x34b00000)
  from space 73216K, 0% used [0x39280000,0x39280000,0x3da00000)
  to   space 73216K, 0% used [0x34b00000,0x34b00000,0x39280000)
 ParOldGen       total 477952K, used 477769K [0x11e00000, 0x2f0c0000, 0x2f0c0000)
  object space 477952K, 99% used [0x11e00000,0x2f092400,0x2f0c0000)
 Metaspace       used 24541K, capacity 24800K, committed 24960K, reserved 24960K
}
Event: 2484.389 GC heap before
{Heap before GC invocations=19976 (full 12229):
 PSYoungGen      total 165632K, used 92416K [0x2f0c0000, 0x3da00000, 0x3da00000)
  eden space 92416K, 100% used [0x2f0c0000,0x34b00000,0x34b00000)
  from space 73216K, 0% used [0x39280000,0x39280000,0x3da00000)
  to   space 73216K, 0% used [0x34b00000,0x34b00000,0x39280000)
 ParOldGen       total 477952K, used 477769K [0x11e00000, 0x2f0c0000, 0x2f0c0000)
  object space 477952K, 99% used [0x11e00000,0x2f092400,0x2f0c0000)
 Metaspace       used 24541K, capacity 24800K, committed 24960K, reserved 24960K
Event: 2484.463 GC heap after
Heap after GC invocations=19976 (full 12229):
 PSYoungGen      total 165632K, used 92378K [0x2f0c0000, 0x3da00000, 0x3da00000)
  eden space 92416K, 99% used [0x2f0c0000,0x34af6948,0x34b00000)
  from space 73216K, 0% used [0x39280000,0x39280000,0x3da00000)
  to   space 73216K, 0% used [0x34b00000,0x34b00000,0x39280000)
 ParOldGen       total 477952K, used 477769K [0x11e00000, 0x2f0c0000, 0x2f0c0000)
  object space 477952K, 99% used [0x11e00000,0x2f092400,0x2f0c0000)
 Metaspace       used 24541K, capacity 24800K, committed 24960K, reserved 24960K
}
Event: 2484.465 GC heap before
{Heap before GC invocations=19977 (full 12230):
 PSYoungGen      total 165632K, used 92416K [0x2f0c0000, 0x3da00000, 0x3da00000)
  eden space 92416K, 100% used [0x2f0c0000,0x34b00000,0x34b00000)
  from space 73216K, 0% used [0x39280000,0x39280000,0x3da00000)
  to   space 73216K, 0% used [0x34b00000,0x34b00000,0x39280000)
 ParOldGen       total 477952K, used 477769K [0x11e00000, 0x2f0c0000, 0x2f0c0000)
  object space 477952K, 99% used [0x11e00000,0x2f092400,0x2f0c0000)
 Metaspace       used 24541K, capacity 24800K, committed 24960K, reserved 24960K
Event: 2484.533 GC heap after
Heap after GC invocations=19977 (full 12230):
 PSYoungGen      total 165632K, used 92378K [0x2f0c0000, 0x3da00000, 0x3da00000)
  eden space 92416K, 99% used [0x2f0c0000,0x34af6b70,0x34b00000)
  from space 73216K, 0% used [0x39280000,0x39280000,0x3da00000)
  to   space 73216K, 0% used [0x34b00000,0x34b00000,0x39280000)
 ParOldGen       total 477952K, used 477769K [0x11e00000, 0x2f0c0000, 0x2f0c0000)
  object space 477952K, 99% used [0x11e00000,0x2f092400,0x2f0c0000)
 Metaspace       used 24541K, capacity 24800K, committed 24960K, reserved 24960K
}
Event: 2484.536 GC heap before
{Heap before GC invocations=19978 (full 12231):
 PSYoungGen      total 165632K, used 92416K [0x2f0c0000, 0x3da00000, 0x3da00000)
  eden space 92416K, 100% used [0x2f0c0000,0x34b00000,0x34b00000)
  from space 73216K, 0% used [0x39280000,0x39280000,0x3da00000)
  to   space 73216K, 0% used [0x34b00000,0x34b00000,0x39280000)
 ParOldGen       total 477952K, used 477769K [0x11e00000, 0x2f0c0000, 0x2f0c0000)
  object space 477952K, 99% used [0x11e00000,0x2f092400,0x2f0c0000)
 Metaspace       used 24541K, capacity 24800K, committed 24960K, reserved 24960K
Event: 2484.607 GC heap after
Heap after GC invocations=19978 (full 12231):
 PSYoungGen      total 165632K, used 92379K [0x2f0c0000, 0x3da00000, 0x3da00000)
  eden space 92416K, 99% used [0x2f0c0000,0x34af6de8,0x34b00000)
  from space 73216K, 0% used [0x39280000,0x39280000,0x3da00000)
  to   space 73216K, 0% used [0x34b00000,0x34b00000,0x39280000)
 ParOldGen       total 477952K, used 477769K [0x11e00000, 0x2f0c0000, 0x2f0c0000)
  object space 477952K, 99% used [0x11e00000,0x2f092400,0x2f0c0000)
 Metaspace       used 24541K, capacity 24800K, committed 24960K, reserved 24960K
}
Event: 2484.610 GC heap before
{Heap before GC invocations=19979 (full 12232):
 PSYoungGen      total 165632K, used 92416K [0x2f0c0000, 0x3da00000, 0x3da00000)
  eden space 92416K, 100% used [0x2f0c0000,0x34b00000,0x34b00000)
  from space 73216K, 0% used [0x39280000,0x39280000,0x3da00000)
  to   space 73216K, 0% used [0x34b00000,0x34b00000,0x39280000)
 ParOldGen       total 477952K, used 477769K [0x11e00000, 0x2f0c0000, 0x2f0c0000)
  object space 477952K, 99% used [0x11e00000,0x2f092400,0x2f0c0000)
 Metaspace       used 24541K, capacity 24800K, committed 24960K, reserved 24960K
Event: 2484.689 GC heap after
Heap after GC invocations=19979 (full 12232):
 PSYoungGen      total 165632K, used 92365K [0x2f0c0000, 0x3da00000, 0x3da00000)
  eden space 92416K, 99% used [0x2f0c0000,0x34af3610,0x34b00000)
  from space 73216K, 0% used [0x39280000,0x39280000,0x3da00000)
  to   space 73216K, 0% used [0x34b00000,0x34b00000,0x39280000)
 ParOldGen       total 477952K, used 477769K [0x11e00000, 0x2f0c0000, 0x2f0c0000)
  object space 477952K, 99% used [0x11e00000,0x2f092400,0x2f0c0000)
 Metaspace       used 24541K, capacity 24800K, committed 24960K, reserved 24960K
}

