# JRE version: OpenJDK Runtime Environment (8.0_332-b08) (build 1.8.0_332-b08)
# Java VM: OpenJDK Server VM (25.332-b08 mixed mode windows-x86 )
Heap:
 PSYoungGen      total 159232K, used 79616K [0x2eac0000, 0x3d400000, 0x3d400000)
  eden space 79616K, 100% used [0x2eac0000,0x33880000,0x33880000)
  from space 79616K, 0% used [0x33880000,0x33880000,0x38640000)
  to   space 79616K, 0% used [0x38640000,0x38640000,0x3d400000)
 ParOldGen       total 477952K, used 471536K [0x11800000, 0x2eac0000, 0x2eac0000)
  object space 477952K, 98% used [0x11800000,0x2e47c240,0x2eac0000)
 Metaspace       used 24406K, capacity 24674K, committed 24832K, reserved 24960K
GC Heap History (10 events):
Event: 2559.406 GC heap before
{Heap before GC invocations=19915 (full 13447):
 PSYoungGen      total 159232K, used 79616K [0x2eac0000, 0x3d400000, 0x3d400000)
  eden space 79616K, 100% used [0x2eac0000,0x33880000,0x33880000)
  from space 79616K, 0% used [0x33880000,0x33880000,0x38640000)
  to   space 79616K, 0% used [0x38640000,0x38640000,0x3d400000)
 ParOldGen       total 477952K, used 471536K [0x11800000, 0x2eac0000, 0x2eac0000)
  object space 477952K, 98% used [0x11800000,0x2e47c3f0,0x2eac0000)
 Metaspace       used 24404K, capacity 24674K, committed 24832K, reserved 24960K
Event: 2559.487 GC heap after
Heap after GC invocations=19915 (full 13447):
 PSYoungGen      total 159232K, used 79577K [0x2eac0000, 0x3d400000, 0x3d400000)
  eden space 79616K, 99% used [0x2eac0000,0x33876628,0x33880000)
  from space 79616K, 0% used [0x33880000,0x33880000,0x38640000)
  to   space 79616K, 0% used [0x38640000,0x38640000,0x3d400000)
 ParOldGen       total 477952K, used 471536K [0x11800000, 0x2eac0000, 0x2eac0000)
  object space 477952K, 98% used [0x11800000,0x2e47c3d0,0x2eac0000)
 Metaspace       used 24404K, capacity 24674K, committed 24832K, reserved 24960K
}
Event: 2559.488 GC heap before
{Heap before GC invocations=19916 (full 13448):
 PSYoungGen      total 159232K, used 79616K [0x2eac0000, 0x3d400000, 0x3d400000)
  eden space 79616K, 100% used [0x2eac0000,0x33880000,0x33880000)
  from space 79616K, 0% used [0x33880000,0x33880000,0x38640000)
  to   space 79616K, 0% used [0x38640000,0x38640000,0x3d400000)
 ParOldGen       total 477952K, used 471536K [0x11800000, 0x2eac0000, 0x2eac0000)
  object space 477952K, 98% used [0x11800000,0x2e47c3d0,0x2eac0000)
 Metaspace       used 24404K, capacity 24674K, committed 24832K, reserved 24960K
Event: 2559.563 GC heap after
Heap after GC invocations=19916 (full 13448):
 PSYoungGen      total 159232K, used 79577K [0x2eac0000, 0x3d400000, 0x3d400000)
  eden space 79616K, 99% used [0x2eac0000,0x338766c0,0x33880000)
  from space 79616K, 0% used [0x33880000,0x33880000,0x38640000)
  to   space 79616K, 0% used [0x38640000,0x38640000,0x3d400000)
 ParOldGen       total 477952K, used 471536K [0x11800000, 0x2eac0000, 0x2eac0000)
  object space 477952K, 98% used [0x11800000,0x2e47c3a0,0x2eac0000)
 Metaspace       used 24404K, capacity 24674K, committed 24832K, reserved 24960K
}
Event: 2559.565 GC heap before
{Heap before GC invocations=19917 (full 13449):
 PSYoungGen      total 159232K, used 79616K [0x2eac0000, 0x3d400000, 0x3d400000)
  eden space 79616K, 100% used [0x2eac0000,0x33880000,0x33880000)
  from space 79616K, 0% used [0x33880000,0x33880000,0x38640000)
  to   space 79616K, 0% used [0x38640000,0x38640000,0x3d400000)
 ParOldGen       total 477952K, used 471536K [0x11800000, 0x2eac0000, 0x2eac0000)
  object space 477952K, 98% used [0x11800000,0x2e47c3a0,0x2eac0000)
 Metaspace       used 24404K, capacity 24674K, committed 24832K, reserved 24960K
Event: 2559.638 GC heap after
Heap after GC invocations=19917 (full 13449):
 PSYoungGen      total 159232K, used 79578K [0x2eac0000, 0x3d400000, 0x3d400000)
  eden space 79616K, 99% used [0x2eac0000,0x33876890,0x33880000)
  from space 79616K, 0% used [0x33880000,0x33880000,0x38640000)
  to   space 79616K, 0% used [0x38640000,0x38640000,0x3d400000)
 ParOldGen       total 477952K, used 471536K [0x11800000, 0x2eac0000, 0x2eac0000)
  object space 477952K, 98% used [0x11800000,0x2e47c2e8,0x2eac0000)
 Metaspace       used 24404K, capacity 24674K, committed 24832K, reserved 24960K
}
Event: 2559.639 GC heap before
{Heap before GC invocations=19918 (full 13450):
 PSYoungGen      total 159232K, used 79616K [0x2eac0000, 0x3d400000, 0x3d400000)
  eden space 79616K, 100% used [0x2eac0000,0x33880000,0x33880000)
  from space 79616K, 0% used [0x33880000,0x33880000,0x38640000)
  to   space 79616K, 0% used [0x38640000,0x38640000,0x3d400000)
 ParOldGen       total 477952K, used 471536K [0x11800000, 0x2eac0000, 0x2eac0000)
  object space 477952K, 98% used [0x11800000,0x2e47c2e8,0x2eac0000)
 Metaspace       used 24404K, capacity 24674K, committed 24832K, reserved 24960K
Event: 2559.716 GC heap after
Heap after GC invocations=19918 (full 13450):
 PSYoungGen      total 159232K, used 79578K [0x2eac0000, 0x3d400000, 0x3d400000)
  eden space 79616K, 99% used [0x2eac0000,0x338768f0,0x33880000)
  from space 79616K, 0% used [0x33880000,0x33880000,0x38640000)
  to   space 79616K, 0% used [0x38640000,0x38640000,0x3d400000)
 ParOldGen       total 477952K, used 471536K [0x11800000, 0x2eac0000, 0x2eac0000)
  object space 477952K, 98% used [0x11800000,0x2e47c2e8,0x2eac0000)
 Metaspace       used 24404K, capacity 24674K, committed 24832K, reserved 24960K
}
Event: 2559.718 GC heap before
{Heap before GC invocations=19919 (full 13451):
 PSYoungGen      total 159232K, used 79616K [0x2eac0000, 0x3d400000, 0x3d400000)
  eden space 79616K, 100% used [0x2eac0000,0x33880000,0x33880000)
  from space 79616K, 0% used [0x33880000,0x33880000,0x38640000)
  to   space 79616K, 0% used [0x38640000,0x38640000,0x3d400000)
 ParOldGen       total 477952K, used 471536K [0x11800000, 0x2eac0000, 0x2eac0000)
  object space 477952K, 98% used [0x11800000,0x2e47c2e8,0x2eac0000)
 Metaspace       used 24406K, capacity 24674K, committed 24832K, reserved 24960K
Event: 2559.796 GC heap after
Heap after GC invocations=19919 (full 13451):
 PSYoungGen      total 159232K, used 79578K [0x2eac0000, 0x3d400000, 0x3d400000)
  eden space 79616K, 99% used [0x2eac0000,0x33876b28,0x33880000)
  from space 79616K, 0% used [0x33880000,0x33880000,0x38640000)
  to   space 79616K, 0% used [0x38640000,0x38640000,0x3d400000)
 ParOldGen       total 477952K, used 471536K [0x11800000, 0x2eac0000, 0x2eac0000)
  object space 477952K, 98% used [0x11800000,0x2e47c240,0x2eac0000)
 Metaspace       used 24406K, capacity 24674K, committed 24832K, reserved 24960K
}

