# JRE version: OpenJDK Runtime Environment (8.0_332-b08) (build 1.8.0_332-b08)
# Java VM: OpenJDK Server VM (25.332-b08 mixed mode windows-x86 )
Heap:
 PSYoungGen      total 165632K, used 92416K [0x2eac0000, 0x3d400000, 0x3d400000)
  eden space 92416K, 100% used [0x2eac0000,0x34500000,0x34500000)
  from space 73216K, 0% used [0x38c80000,0x38c80000,0x3d400000)
  to   space 73216K, 0% used [0x34500000,0x34500000,0x38c80000)
 ParOldGen       total 477952K, used 477764K [0x11800000, 0x2eac0000, 0x2eac0000)
  object space 477952K, 99% used [0x11800000,0x2ea91228,0x2eac0000)
 Metaspace       used 24381K, capacity 24658K, committed 24832K, reserved 24960K
GC Heap History (10 events):
Event: 2615.362 GC heap before
{Heap before GC invocations=22850 (full 14676):
 PSYoungGen      total 165632K, used 92416K [0x2eac0000, 0x3d400000, 0x3d400000)
  eden space 92416K, 100% used [0x2eac0000,0x34500000,0x34500000)
  from space 73216K, 0% used [0x38c80000,0x38c80000,0x3d400000)
  to   space 73216K, 0% used [0x34500000,0x34500000,0x38c80000)
 ParOldGen       total 477952K, used 477764K [0x11800000, 0x2eac0000, 0x2eac0000)
  object space 477952K, 99% used [0x11800000,0x2ea91308,0x2eac0000)
 Metaspace       used 24381K, capacity 24658K, committed 24832K, reserved 24960K
Event: 2615.441 GC heap after
Heap after GC invocations=22850 (full 14676):
 PSYoungGen      total 165632K, used 92397K [0x2eac0000, 0x3d400000, 0x3d400000)
  eden space 92416K, 99% used [0x2eac0000,0x344fb4b0,0x34500000)
  from space 73216K, 0% used [0x38c80000,0x38c80000,0x3d400000)
  to   space 73216K, 0% used [0x34500000,0x34500000,0x38c80000)
 ParOldGen       total 477952K, used 477764K [0x11800000, 0x2eac0000, 0x2eac0000)
  object space 477952K, 99% used [0x11800000,0x2ea912b8,0x2eac0000)
 Metaspace       used 24381K, capacity 24658K, committed 24832K, reserved 24960K
}
Event: 2615.442 GC heap before
{Heap before GC invocations=22851 (full 14677):
 PSYoungGen      total 165632K, used 92416K [0x2eac0000, 0x3d400000, 0x3d400000)
  eden space 92416K, 100% used [0x2eac0000,0x34500000,0x34500000)
  from space 73216K, 0% used [0x38c80000,0x38c80000,0x3d400000)
  to   space 73216K, 0% used [0x34500000,0x34500000,0x38c80000)
 ParOldGen       total 477952K, used 477764K [0x11800000, 0x2eac0000, 0x2eac0000)
  object space 477952K, 99% used [0x11800000,0x2ea912b8,0x2eac0000)
 Metaspace       used 24381K, capacity 24658K, committed 24832K, reserved 24960K
Event: 2615.517 GC heap after
Heap after GC invocations=22851 (full 14677):
 PSYoungGen      total 165632K, used 92397K [0x2eac0000, 0x3d400000, 0x3d400000)
  eden space 92416K, 99% used [0x2eac0000,0x344fb4a0,0x34500000)
  from space 73216K, 0% used [0x38c80000,0x38c80000,0x3d400000)
  to   space 73216K, 0% used [0x34500000,0x34500000,0x38c80000)
 ParOldGen       total 477952K, used 477764K [0x11800000, 0x2eac0000, 0x2eac0000)
  object space 477952K, 99% used [0x11800000,0x2ea91258,0x2eac0000)
 Metaspace       used 24381K, capacity 24658K, committed 24832K, reserved 24960K
}
Event: 2615.519 GC heap before
{Heap before GC invocations=22852 (full 14678):
 PSYoungGen      total 165632K, used 92416K [0x2eac0000, 0x3d400000, 0x3d400000)
  eden space 92416K, 100% used [0x2eac0000,0x34500000,0x34500000)
  from space 73216K, 0% used [0x38c80000,0x38c80000,0x3d400000)
  to   space 73216K, 0% used [0x34500000,0x34500000,0x38c80000)
 ParOldGen       total 477952K, used 477764K [0x11800000, 0x2eac0000, 0x2eac0000)
  object space 477952K, 99% used [0x11800000,0x2ea91258,0x2eac0000)
 Metaspace       used 24381K, capacity 24658K, committed 24832K, reserved 24960K
Event: 2615.593 GC heap after
Heap after GC invocations=22852 (full 14678):
 PSYoungGen      total 165632K, used 92397K [0x2eac0000, 0x3d400000, 0x3d400000)
  eden space 92416K, 99% used [0x2eac0000,0x344fb5e0,0x34500000)
  from space 73216K, 0% used [0x38c80000,0x38c80000,0x3d400000)
  to   space 73216K, 0% used [0x34500000,0x34500000,0x38c80000)
 ParOldGen       total 477952K, used 477764K [0x11800000, 0x2eac0000, 0x2eac0000)
  object space 477952K, 99% used [0x11800000,0x2ea91228,0x2eac0000)
 Metaspace       used 24381K, capacity 24658K, committed 24832K, reserved 24960K
}
Event: 2615.596 GC heap before
{Heap before GC invocations=22853 (full 14679):
 PSYoungGen      total 165632K, used 92416K [0x2eac0000, 0x3d400000, 0x3d400000)
  eden space 92416K, 100% used [0x2eac0000,0x34500000,0x34500000)
  from space 73216K, 0% used [0x38c80000,0x38c80000,0x3d400000)
  to   space 73216K, 0% used [0x34500000,0x34500000,0x38c80000)
 ParOldGen       total 477952K, used 477764K [0x11800000, 0x2eac0000, 0x2eac0000)
  object space 477952K, 99% used [0x11800000,0x2ea91228,0x2eac0000)
 Metaspace       used 24381K, capacity 24658K, committed 24832K, reserved 24960K
Event: 2615.675 GC heap after
Heap after GC invocations=22853 (full 14679):
 PSYoungGen      total 165632K, used 92397K [0x2eac0000, 0x3d400000, 0x3d400000)
  eden space 92416K, 99% used [0x2eac0000,0x344fb738,0x34500000)
  from space 73216K, 0% used [0x38c80000,0x38c80000,0x3d400000)
  to   space 73216K, 0% used [0x34500000,0x34500000,0x38c80000)
 ParOldGen       total 477952K, used 477764K [0x11800000, 0x2eac0000, 0x2eac0000)
  object space 477952K, 99% used [0x11800000,0x2ea91228,0x2eac0000)
 Metaspace       used 24381K, capacity 24658K, committed 24832K, reserved 24960K
}
Event: 2615.676 GC heap before
{Heap before GC invocations=22854 (full 14680):
 PSYoungGen      total 165632K, used 92416K [0x2eac0000, 0x3d400000, 0x3d400000)
  eden space 92416K, 100% used [0x2eac0000,0x34500000,0x34500000)
  from space 73216K, 0% used [0x38c80000,0x38c80000,0x3d400000)
  to   space 73216K, 0% used [0x34500000,0x34500000,0x38c80000)
 ParOldGen       total 477952K, used 477764K [0x11800000, 0x2eac0000, 0x2eac0000)
  object space 477952K, 99% used [0x11800000,0x2ea91228,0x2eac0000)
 Metaspace       used 24381K, capacity 24658K, committed 24832K, reserved 24960K
Event: 2615.756 GC heap after
Heap after GC invocations=22854 (full 14680):
 PSYoungGen      total 165632K, used 92383K [0x2eac0000, 0x3d400000, 0x3d400000)
  eden space 92416K, 99% used [0x2eac0000,0x344f7df0,0x34500000)
  from space 73216K, 0% used [0x38c80000,0x38c80000,0x3d400000)
  to   space 73216K, 0% used [0x34500000,0x34500000,0x38c80000)
 ParOldGen       total 477952K, used 477764K [0x11800000, 0x2eac0000, 0x2eac0000)
  object space 477952K, 99% used [0x11800000,0x2ea91228,0x2eac0000)
 Metaspace       used 24381K, capacity 24658K, committed 24832K, reserved 24960K
}

