# JRE version: OpenJDK Runtime Environment (8.0_332-b08) (build 1.8.0_332-b08)
# Java VM: OpenJDK Server VM (25.332-b08 mixed mode windows-x86 )
Heap:
 PSYoungGen      total 165632K, used 92416K [0x2eac0000, 0x3d400000, 0x3d400000)
  eden space 92416K, 100% used [0x2eac0000,0x34500000,0x34500000)
  from space 73216K, 0% used [0x34500000,0x34500000,0x38c80000)
  to   space 73216K, 0% used [0x38c80000,0x38c80000,0x3d400000)
 ParOldGen       total 477952K, used 474716K [0x11800000, 0x2eac0000, 0x2eac0000)
  object space 477952K, 99% used [0x11800000,0x2e797290,0x2eac0000)
 Metaspace       used 24313K, capacity 24572K, committed 24960K, reserved 24960K
GC Heap History (10 events):
Event: 2633.441 GC heap before
{Heap before GC invocations=20872 (full 13691):
 PSYoungGen      total 165632K, used 92416K [0x2eac0000, 0x3d400000, 0x3d400000)
  eden space 92416K, 100% used [0x2eac0000,0x34500000,0x34500000)
  from space 73216K, 0% used [0x34500000,0x34500000,0x38c80000)
  to   space 73216K, 0% used [0x38c80000,0x38c80000,0x3d400000)
 ParOldGen       total 477952K, used 474716K [0x11800000, 0x2eac0000, 0x2eac0000)
  object space 477952K, 99% used [0x11800000,0x2e797290,0x2eac0000)
 Metaspace       used 24317K, capacity 24577K, committed 24960K, reserved 24960K
Event: 2633.514 GC heap after
Heap after GC invocations=20872 (full 13691):
 PSYoungGen      total 165632K, used 92393K [0x2eac0000, 0x3d400000, 0x3d400000)
  eden space 92416K, 99% used [0x2eac0000,0x344fa538,0x34500000)
  from space 73216K, 0% used [0x34500000,0x34500000,0x38c80000)
  to   space 73216K, 0% used [0x38c80000,0x38c80000,0x3d400000)
 ParOldGen       total 477952K, used 474716K [0x11800000, 0x2eac0000, 0x2eac0000)
  object space 477952K, 99% used [0x11800000,0x2e797290,0x2eac0000)
 Metaspace       used 24317K, capacity 24577K, committed 24960K, reserved 24960K
}
Event: 2633.515 GC heap before
{Heap before GC invocations=20873 (full 13692):
 PSYoungGen      total 165632K, used 92416K [0x2eac0000, 0x3d400000, 0x3d400000)
  eden space 92416K, 100% used [0x2eac0000,0x34500000,0x34500000)
  from space 73216K, 0% used [0x34500000,0x34500000,0x38c80000)
  to   space 73216K, 0% used [0x38c80000,0x38c80000,0x3d400000)
 ParOldGen       total 477952K, used 474716K [0x11800000, 0x2eac0000, 0x2eac0000)
  object space 477952K, 99% used [0x11800000,0x2e797290,0x2eac0000)
 Metaspace       used 24317K, capacity 24577K, committed 24960K, reserved 24960K
Event: 2633.587 GC heap after
Heap after GC invocations=20873 (full 13692):
 PSYoungGen      total 165632K, used 92393K [0x2eac0000, 0x3d400000, 0x3d400000)
  eden space 92416K, 99% used [0x2eac0000,0x344fa650,0x34500000)
  from space 73216K, 0% used [0x34500000,0x34500000,0x38c80000)
  to   space 73216K, 0% used [0x38c80000,0x38c80000,0x3d400000)
 ParOldGen       total 477952K, used 474716K [0x11800000, 0x2eac0000, 0x2eac0000)
  object space 477952K, 99% used [0x11800000,0x2e797290,0x2eac0000)
 Metaspace       used 24317K, capacity 24577K, committed 24960K, reserved 24960K
}
Event: 2633.589 GC heap before
{Heap before GC invocations=20874 (full 13693):
 PSYoungGen      total 165632K, used 92416K [0x2eac0000, 0x3d400000, 0x3d400000)
  eden space 92416K, 100% used [0x2eac0000,0x34500000,0x34500000)
  from space 73216K, 0% used [0x34500000,0x34500000,0x38c80000)
  to   space 73216K, 0% used [0x38c80000,0x38c80000,0x3d400000)
 ParOldGen       total 477952K, used 474716K [0x11800000, 0x2eac0000, 0x2eac0000)
  object space 477952K, 99% used [0x11800000,0x2e797290,0x2eac0000)
 Metaspace       used 24317K, capacity 24577K, committed 24960K, reserved 24960K
Event: 2633.663 GC heap after
Heap after GC invocations=20874 (full 13693):
 PSYoungGen      total 165632K, used 92393K [0x2eac0000, 0x3d400000, 0x3d400000)
  eden space 92416K, 99% used [0x2eac0000,0x344fa6b8,0x34500000)
  from space 73216K, 0% used [0x34500000,0x34500000,0x38c80000)
  to   space 73216K, 0% used [0x38c80000,0x38c80000,0x3d400000)
 ParOldGen       total 477952K, used 474716K [0x11800000, 0x2eac0000, 0x2eac0000)
  object space 477952K, 99% used [0x11800000,0x2e797290,0x2eac0000)
 Metaspace       used 24317K, capacity 24577K, committed 24960K, reserved 24960K
}
Event: 2633.664 GC heap before
{Heap before GC invocations=20875 (full 13694):
 PSYoungGen      total 165632K, used 92416K [0x2eac0000, 0x3d400000, 0x3d400000)
  eden space 92416K, 100% used [0x2eac0000,0x34500000,0x34500000)
  from space 73216K, 0% used [0x34500000,0x34500000,0x38c80000)
  to   space 73216K, 0% used [0x38c80000,0x38c80000,0x3d400000)
 ParOldGen       total 477952K, used 474716K [0x11800000, 0x2eac0000, 0x2eac0000)
  object space 477952K, 99% used [0x11800000,0x2e797290,0x2eac0000)
 Metaspace       used 24317K, capacity 24577K, committed 24960K, reserved 24960K
Event: 2633.740 GC heap after
Heap after GC invocations=20875 (full 13694):
 PSYoungGen      total 165632K, used 92393K [0x2eac0000, 0x3d400000, 0x3d400000)
  eden space 92416K, 99% used [0x2eac0000,0x344fa6d8,0x34500000)
  from space 73216K, 0% used [0x34500000,0x34500000,0x38c80000)
  to   space 73216K, 0% used [0x38c80000,0x38c80000,0x3d400000)
 ParOldGen       total 477952K, used 474716K [0x11800000, 0x2eac0000, 0x2eac0000)
  object space 477952K, 99% used [0x11800000,0x2e797290,0x2eac0000)
 Metaspace       used 24317K, capacity 24577K, committed 24960K, reserved 24960K
}
Event: 2633.741 GC heap before
{Heap before GC invocations=20876 (full 13695):
 PSYoungGen      total 165632K, used 92416K [0x2eac0000, 0x3d400000, 0x3d400000)
  eden space 92416K, 100% used [0x2eac0000,0x34500000,0x34500000)
  from space 73216K, 0% used [0x34500000,0x34500000,0x38c80000)
  to   space 73216K, 0% used [0x38c80000,0x38c80000,0x3d400000)
 ParOldGen       total 477952K, used 474716K [0x11800000, 0x2eac0000, 0x2eac0000)
  object space 477952K, 99% used [0x11800000,0x2e797290,0x2eac0000)
 Metaspace       used 24317K, capacity 24577K, committed 24960K, reserved 24960K
Event: 2633.822 GC heap after
Heap after GC invocations=20876 (full 13695):
 PSYoungGen      total 165632K, used 92183K [0x2eac0000, 0x3d400000, 0x3d400000)
  eden space 92416K, 99% used [0x2eac0000,0x344c5eb0,0x34500000)
  from space 73216K, 0% used [0x34500000,0x34500000,0x38c80000)
  to   space 73216K, 0% used [0x38c80000,0x38c80000,0x3d400000)
 ParOldGen       total 477952K, used 474716K [0x11800000, 0x2eac0000, 0x2eac0000)
  object space 477952K, 99% used [0x11800000,0x2e797290,0x2eac0000)
 Metaspace       used 24313K, capacity 24572K, committed 24960K, reserved 24960K
}

