# JRE version: OpenJDK Runtime Environment (8.0_332-b08) (build 1.8.0_332-b08)
# Java VM: OpenJDK Server VM (25.332-b08 mixed mode windows-x86 )
Heap:
 PSYoungGen      total 162816K, used 87552K [0x2f2c0000, 0x3db40000, 0x3dc00000)
  eden space 87552K, 100% used [0x2f2c0000,0x34840000,0x34840000)
  from space 75264K, 0% used [0x391c0000,0x391c0000,0x3db40000)
  to   space 75264K, 0% used [0x34840000,0x34840000,0x391c0000)
 ParOldGen       total 477952K, used 470154K [0x12000000, 0x2f2c0000, 0x2f2c0000)
  object space 477952K, 98% used [0x12000000,0x2eb22b80,0x2f2c0000)
 Metaspace       used 24549K, capacity 24820K, committed 25216K, reserved 25984K
GC Heap History (10 events):
Event: 2890.921 GC heap before
{Heap before GC invocations=25695 (full 17859):
 PSYoungGen      total 162816K, used 87552K [0x2f2c0000, 0x3db40000, 0x3dc00000)
  eden space 87552K, 100% used [0x2f2c0000,0x34840000,0x34840000)
  from space 75264K, 0% used [0x391c0000,0x391c0000,0x3db40000)
  to   space 75264K, 0% used [0x34840000,0x34840000,0x391c0000)
 ParOldGen       total 477952K, used 470154K [0x12000000, 0x2f2c0000, 0x2f2c0000)
  object space 477952K, 98% used [0x12000000,0x2eb22b80,0x2f2c0000)
 Metaspace       used 24549K, capacity 24820K, committed 25216K, reserved 25984K
Event: 2890.996 GC heap after
Heap after GC invocations=25695 (full 17859):
 PSYoungGen      total 162816K, used 87550K [0x2f2c0000, 0x3db40000, 0x3dc00000)
  eden space 87552K, 99% used [0x2f2c0000,0x3483fbe0,0x34840000)
  from space 75264K, 0% used [0x391c0000,0x391c0000,0x3db40000)
  to   space 75264K, 0% used [0x34840000,0x34840000,0x391c0000)
 ParOldGen       total 477952K, used 470154K [0x12000000, 0x2f2c0000, 0x2f2c0000)
  object space 477952K, 98% used [0x12000000,0x2eb22b80,0x2f2c0000)
 Metaspace       used 24549K, capacity 24820K, committed 25216K, reserved 25984K
}
Event: 2890.997 GC heap before
{Heap before GC invocations=25696 (full 17860):
 PSYoungGen      total 162816K, used 87552K [0x2f2c0000, 0x3db40000, 0x3dc00000)
  eden space 87552K, 100% used [0x2f2c0000,0x34840000,0x34840000)
  from space 75264K, 0% used [0x391c0000,0x391c0000,0x3db40000)
  to   space 75264K, 0% used [0x34840000,0x34840000,0x391c0000)
 ParOldGen       total 477952K, used 470154K [0x12000000, 0x2f2c0000, 0x2f2c0000)
  object space 477952K, 98% used [0x12000000,0x2eb22b80,0x2f2c0000)
 Metaspace       used 24549K, capacity 24820K, committed 25216K, reserved 25984K
Event: 2891.070 GC heap after
Heap after GC invocations=25696 (full 17860):
 PSYoungGen      total 162816K, used 87551K [0x2f2c0000, 0x3db40000, 0x3dc00000)
  eden space 87552K, 99% used [0x2f2c0000,0x3483fc30,0x34840000)
  from space 75264K, 0% used [0x391c0000,0x391c0000,0x3db40000)
  to   space 75264K, 0% used [0x34840000,0x34840000,0x391c0000)
 ParOldGen       total 477952K, used 470154K [0x12000000, 0x2f2c0000, 0x2f2c0000)
  object space 477952K, 98% used [0x12000000,0x2eb22b80,0x2f2c0000)
 Metaspace       used 24549K, capacity 24820K, committed 25216K, reserved 25984K
}
Event: 2891.071 GC heap before
{Heap before GC invocations=25697 (full 17861):
 PSYoungGen      total 162816K, used 87552K [0x2f2c0000, 0x3db40000, 0x3dc00000)
  eden space 87552K, 100% used [0x2f2c0000,0x34840000,0x34840000)
  from space 75264K, 0% used [0x391c0000,0x391c0000,0x3db40000)
  to   space 75264K, 0% used [0x34840000,0x34840000,0x391c0000)
 ParOldGen       total 477952K, used 470154K [0x12000000, 0x2f2c0000, 0x2f2c0000)
  object space 477952K, 98% used [0x12000000,0x2eb22b80,0x2f2c0000)
 Metaspace       used 24549K, capacity 24820K, committed 25216K, reserved 25984K
Event: 2891.148 GC heap after
Heap after GC invocations=25697 (full 17861):
 PSYoungGen      total 162816K, used 87551K [0x2f2c0000, 0x3db40000, 0x3dc00000)
  eden space 87552K, 99% used [0x2f2c0000,0x3483fc18,0x34840000)
  from space 75264K, 0% used [0x391c0000,0x391c0000,0x3db40000)
  to   space 75264K, 0% used [0x34840000,0x34840000,0x391c0000)
 ParOldGen       total 477952K, used 470154K [0x12000000, 0x2f2c0000, 0x2f2c0000)
  object space 477952K, 98% used [0x12000000,0x2eb22b80,0x2f2c0000)
 Metaspace       used 24549K, capacity 24820K, committed 25216K, reserved 25984K
}
Event: 2891.150 GC heap before
{Heap before GC invocations=25698 (full 17862):
 PSYoungGen      total 162816K, used 87552K [0x2f2c0000, 0x3db40000, 0x3dc00000)
  eden space 87552K, 100% used [0x2f2c0000,0x34840000,0x34840000)
  from space 75264K, 0% used [0x391c0000,0x391c0000,0x3db40000)
  to   space 75264K, 0% used [0x34840000,0x34840000,0x391c0000)
 ParOldGen       total 477952K, used 470154K [0x12000000, 0x2f2c0000, 0x2f2c0000)
  object space 477952K, 98% used [0x12000000,0x2eb22b80,0x2f2c0000)
 Metaspace       used 24549K, capacity 24820K, committed 25216K, reserved 25984K
Event: 2891.221 GC heap after
Heap after GC invocations=25698 (full 17862):
 PSYoungGen      total 162816K, used 87551K [0x2f2c0000, 0x3db40000, 0x3dc00000)
  eden space 87552K, 99% used [0x2f2c0000,0x3483fc70,0x34840000)
  from space 75264K, 0% used [0x391c0000,0x391c0000,0x3db40000)
  to   space 75264K, 0% used [0x34840000,0x34840000,0x391c0000)
 ParOldGen       total 477952K, used 470154K [0x12000000, 0x2f2c0000, 0x2f2c0000)
  object space 477952K, 98% used [0x12000000,0x2eb22b80,0x2f2c0000)
 Metaspace       used 24549K, capacity 24820K, committed 25216K, reserved 25984K
}
Event: 2891.223 GC heap before
{Heap before GC invocations=25699 (full 17863):
 PSYoungGen      total 162816K, used 87552K [0x2f2c0000, 0x3db40000, 0x3dc00000)
  eden space 87552K, 100% used [0x2f2c0000,0x34840000,0x34840000)
  from space 75264K, 0% used [0x391c0000,0x391c0000,0x3db40000)
  to   space 75264K, 0% used [0x34840000,0x34840000,0x391c0000)
 ParOldGen       total 477952K, used 470154K [0x12000000, 0x2f2c0000, 0x2f2c0000)
  object space 477952K, 98% used [0x12000000,0x2eb22b80,0x2f2c0000)
 Metaspace       used 24549K, capacity 24820K, committed 25216K, reserved 25984K
Event: 2891.297 GC heap after
Heap after GC invocations=25699 (full 17863):
 PSYoungGen      total 162816K, used 87551K [0x2f2c0000, 0x3db40000, 0x3dc00000)
  eden space 87552K, 99% used [0x2f2c0000,0x3483fd18,0x34840000)
  from space 75264K, 0% used [0x391c0000,0x391c0000,0x3db40000)
  to   space 75264K, 0% used [0x34840000,0x34840000,0x391c0000)
 ParOldGen       total 477952K, used 470154K [0x12000000, 0x2f2c0000, 0x2f2c0000)
  object space 477952K, 98% used [0x12000000,0x2eb22b80,0x2f2c0000)
 Metaspace       used 24549K, capacity 24820K, committed 25216K, reserved 25984K
}

