# JRE version: OpenJDK Runtime Environment (8.0_332-b08) (build 1.8.0_332-b08)
# Java VM: OpenJDK Server VM (25.332-b08 mixed mode windows-x86 )
Heap:
 PSYoungGen      total 162560K, used 86268K [0x2f6c0000, 0x3e000000, 0x3e000000)
  eden space 86272K, 99% used [0x2f6c0000,0x34aff228,0x34b00000)
  from space 76288K, 0% used [0x39580000,0x39580000,0x3e000000)
  to   space 76288K, 0% used [0x34b00000,0x34b00000,0x39580000)
 ParOldGen       total 477952K, used 477709K [0x12400000, 0x2f6c0000, 0x2f6c0000)
  object space 477952K, 99% used [0x12400000,0x2f683408,0x2f6c0000)
 Metaspace       used 24416K, capacity 24712K, committed 24832K, reserved 24960K
GC Heap History (10 events):
Event: 2428.980 GC heap before
{Heap before GC invocations=21040 (full 13830):
 PSYoungGen      total 162560K, used 86272K [0x2f6c0000, 0x3e000000, 0x3e000000)
  eden space 86272K, 100% used [0x2f6c0000,0x34b00000,0x34b00000)
  from space 76288K, 0% used [0x39580000,0x39580000,0x3e000000)
  to   space 76288K, 0% used [0x34b00000,0x34b00000,0x39580000)
 ParOldGen       total 477952K, used 477709K [0x12400000, 0x2f6c0000, 0x2f6c0000)
  object space 477952K, 99% used [0x12400000,0x2f683408,0x2f6c0000)
 Metaspace       used 24415K, capacity 24712K, committed 24832K, reserved 24960K
Event: 2429.053 GC heap after
Heap after GC invocations=21040 (full 13830):
 PSYoungGen      total 162560K, used 86096K [0x2f6c0000, 0x3e000000, 0x3e000000)
  eden space 86272K, 99% used [0x2f6c0000,0x34ad4228,0x34b00000)
  from space 76288K, 0% used [0x39580000,0x39580000,0x3e000000)
  to   space 76288K, 0% used [0x34b00000,0x34b00000,0x39580000)
 ParOldGen       total 477952K, used 477709K [0x12400000, 0x2f6c0000, 0x2f6c0000)
  object space 477952K, 99% used [0x12400000,0x2f683408,0x2f6c0000)
 Metaspace       used 24415K, capacity 24712K, committed 24832K, reserved 24960K
}
Event: 2429.056 GC heap before
{Heap before GC invocations=21041 (full 13831):
 PSYoungGen      total 162560K, used 86272K [0x2f6c0000, 0x3e000000, 0x3e000000)
  eden space 86272K, 100% used [0x2f6c0000,0x34b00000,0x34b00000)
  from space 76288K, 0% used [0x39580000,0x39580000,0x3e000000)
  to   space 76288K, 0% used [0x34b00000,0x34b00000,0x39580000)
 ParOldGen       total 477952K, used 477709K [0x12400000, 0x2f6c0000, 0x2f6c0000)
  object space 477952K, 99% used [0x12400000,0x2f683408,0x2f6c0000)
 Metaspace       used 24415K, capacity 24712K, committed 24832K, reserved 24960K
Event: 2429.132 GC heap after
Heap after GC invocations=21041 (full 13831):
 PSYoungGen      total 162560K, used 86102K [0x2f6c0000, 0x3e000000, 0x3e000000)
  eden space 86272K, 99% used [0x2f6c0000,0x34ad5910,0x34b00000)
  from space 76288K, 0% used [0x39580000,0x39580000,0x3e000000)
  to   space 76288K, 0% used [0x34b00000,0x34b00000,0x39580000)
 ParOldGen       total 477952K, used 477709K [0x12400000, 0x2f6c0000, 0x2f6c0000)
  object space 477952K, 99% used [0x12400000,0x2f683408,0x2f6c0000)
 Metaspace       used 24415K, capacity 24712K, committed 24832K, reserved 24960K
}
Event: 2429.136 GC heap before
{Heap before GC invocations=21042 (full 13832):
 PSYoungGen      total 162560K, used 86272K [0x2f6c0000, 0x3e000000, 0x3e000000)
  eden space 86272K, 100% used [0x2f6c0000,0x34b00000,0x34b00000)
  from space 76288K, 0% used [0x39580000,0x39580000,0x3e000000)
  to   space 76288K, 0% used [0x34b00000,0x34b00000,0x39580000)
 ParOldGen       total 477952K, used 477709K [0x12400000, 0x2f6c0000, 0x2f6c0000)
  object space 477952K, 99% used [0x12400000,0x2f683408,0x2f6c0000)
 Metaspace       used 24415K, capacity 24712K, committed 24832K, reserved 24960K
Event: 2429.209 GC heap after
Heap after GC invocations=21042 (full 13832):
 PSYoungGen      total 162560K, used 86137K [0x2f6c0000, 0x3e000000, 0x3e000000)
  eden space 86272K, 99% used [0x2f6c0000,0x34ade590,0x34b00000)
  from space 76288K, 0% used [0x39580000,0x39580000,0x3e000000)
  to   space 76288K, 0% used [0x34b00000,0x34b00000,0x39580000)
 ParOldGen       total 477952K, used 477709K [0x12400000, 0x2f6c0000, 0x2f6c0000)
  object space 477952K, 99% used [0x12400000,0x2f683408,0x2f6c0000)
 Metaspace       used 24415K, capacity 24712K, committed 24832K, reserved 24960K
}
Event: 2429.213 GC heap before
{Heap before GC invocations=21043 (full 13833):
 PSYoungGen      total 162560K, used 86272K [0x2f6c0000, 0x3e000000, 0x3e000000)
  eden space 86272K, 100% used [0x2f6c0000,0x34b00000,0x34b00000)
  from space 76288K, 0% used [0x39580000,0x39580000,0x3e000000)
  to   space 76288K, 0% used [0x34b00000,0x34b00000,0x39580000)
 ParOldGen       total 477952K, used 477709K [0x12400000, 0x2f6c0000, 0x2f6c0000)
  object space 477952K, 99% used [0x12400000,0x2f683408,0x2f6c0000)
 Metaspace       used 24415K, capacity 24712K, committed 24832K, reserved 24960K
Event: 2429.296 GC heap after
Heap after GC invocations=21043 (full 13833):
 PSYoungGen      total 162560K, used 86138K [0x2f6c0000, 0x3e000000, 0x3e000000)
  eden space 86272K, 99% used [0x2f6c0000,0x34adead8,0x34b00000)
  from space 76288K, 0% used [0x39580000,0x39580000,0x3e000000)
  to   space 76288K, 0% used [0x34b00000,0x34b00000,0x39580000)
 ParOldGen       total 477952K, used 477709K [0x12400000, 0x2f6c0000, 0x2f6c0000)
  object space 477952K, 99% used [0x12400000,0x2f683408,0x2f6c0000)
 Metaspace       used 24415K, capacity 24712K, committed 24832K, reserved 24960K
}
Event: 2429.298 GC heap before
{Heap before GC invocations=21044 (full 13834):
 PSYoungGen      total 162560K, used 86272K [0x2f6c0000, 0x3e000000, 0x3e000000)
  eden space 86272K, 100% used [0x2f6c0000,0x34b00000,0x34b00000)
  from space 76288K, 0% used [0x39580000,0x39580000,0x3e000000)
  to   space 76288K, 0% used [0x34b00000,0x34b00000,0x39580000)
 ParOldGen       total 477952K, used 477709K [0x12400000, 0x2f6c0000, 0x2f6c0000)
  object space 477952K, 99% used [0x12400000,0x2f683408,0x2f6c0000)
 Metaspace       used 24415K, capacity 24712K, committed 24832K, reserved 24960K
Event: 2429.373 GC heap after
Heap after GC invocations=21044 (full 13834):
 PSYoungGen      total 162560K, used 86134K [0x2f6c0000, 0x3e000000, 0x3e000000)
  eden space 86272K, 99% used [0x2f6c0000,0x34adda78,0x34b00000)
  from space 76288K, 0% used [0x39580000,0x39580000,0x3e000000)
  to   space 76288K, 0% used [0x34b00000,0x34b00000,0x39580000)
 ParOldGen       total 477952K, used 477709K [0x12400000, 0x2f6c0000, 0x2f6c0000)
  object space 477952K, 99% used [0x12400000,0x2f683408,0x2f6c0000)
 Metaspace       used 24415K, capacity 24712K, committed 24832K, reserved 24960K
}

